Common/build/outputs/mapping/mobileLibre3SiRelease/seeds.txt
tk.glucodata.Natives: int getinterval()
androidx.core.graphics.drawable.IconCompatParcelizer: androidx.core.graphics.drawable.IconCompat read(androidx.versionedparcelable.VersionedParcel)
tk.glucodata.Natives: boolean getkerfstokblack()
androidx.core.view.WindowInsetsCompat$BuilderImpl20: WindowInsetsCompat$BuilderImpl20(androidx.core.view.WindowInsetsCompat)
androidx.core.view.WindowInsetsCompat$BuilderImpl: void applyInsetTypes()
com.google.android.gms.internal.mlkit_code_scanner.zzkb: com.google.android.gms.internal.mlkit_code_scanner.zzkb[] values()
androidx.appcompat.widget.MenuPopupWindow$Api23Impl: void setEnterTransition(android.widget.PopupWindow,android.transition.Transition)
tk.glucodata.Natives: boolean getusexdripwebserver()
androidx.appcompat.widget.AppCompatMultiAutoCompleteTextView: void setEmojiCompatEnabled(boolean)
tk.glucodata.MainActivity: MainActivity()
tk.glucodata.Natives: void setfloatingTouchable(boolean)
tk.glucodata.Natives: java.lang.String getnightuploadsecret()
androidx.vectordrawable.graphics.drawable.VectorDrawableCompat$VGroup: void setTranslateY(float)
androidx.appcompat.widget.Toolbar: android.view.Menu getMenu()
com.google.android.gms.internal.mlkit_code_scanner.zzag: com.google.android.gms.internal.mlkit_code_scanner.zzag[] values()
tk.glucodata.Natives: void freedataptr(long)
androidx.core.app.NotificationCompatBuilder$Api20Impl: android.app.Notification$Builder setGroup(android.app.Notification$Builder,java.lang.String)
androidx.core.app.NotificationCompat$BigTextStyle$Api16Impl: android.app.Notification$BigTextStyle bigText(android.app.Notification$BigTextStyle,java.lang.CharSequence)
androidx.appcompat.widget.MenuPopupWindow$MenuDropDownListView: void setSelector(android.graphics.drawable.Drawable)
androidx.appcompat.widget.FitWindowsFrameLayout: FitWindowsFrameLayout(android.content.Context,android.util.AttributeSet)
androidx.appcompat.widget.AppCompatTextView: android.view.textclassifier.TextClassifier getTextClassifier()
androidx.core.view.ViewCompat$Api28Impl: void setAutofillId(android.view.View,android.view.autofill.AutofillId)
androidx.appcompat.widget.AppCompatAutoCompleteTextView: android.content.res.ColorStateList getSupportCompoundDrawablesTintList()
androidx.vectordrawable.graphics.drawable.VectorDrawableCompat$VGroup: void setRotation(float)
androidx.core.app.NotificationCompat$BubbleMetadata$Api30Impl: android.app.Notification$BubbleMetadata toPlatform(androidx.core.app.NotificationCompat$BubbleMetadata)
androidx.appcompat.view.menu.ActionMenuItemView: void setCheckable(boolean)
androidx.core.view.MarginLayoutParamsCompat$Api17Impl: void resolveLayoutDirection(android.view.ViewGroup$MarginLayoutParams,int)
tk.glucodata.Natives: void setxdripRecepters(java.lang.String[])
androidx.core.app.NotificationCompatBuilder$Api24Impl: android.app.Notification$Builder setCustomBigContentView(android.app.Notification$Builder,android.widget.RemoteViews)
androidx.core.app.NotificationCompatBuilder$Api21Impl: android.app.Notification$Builder addPerson(android.app.Notification$Builder,java.lang.String)
androidx.appcompat.widget.LinearLayoutCompat: void setBaselineAlignedChildIndex(int)
androidx.fragment.app.FragmentContainerView: void setOnApplyWindowInsetsListener(android.view.View$OnApplyWindowInsetsListener)
androidx.core.view.ViewParentCompat$Api21Impl: boolean onNestedFling(android.view.ViewParent,android.view.View,float,float,boolean)
androidx.appcompat.widget.AppCompatSpinner: androidx.appcompat.widget.AppCompatSpinner$SpinnerPopup getInternalPopup()
tk.glucodata.Natives: byte[] getLibre3kAuth(long)
androidx.core.view.ViewCompat$Api17Impl: int generateViewId()
androidx.lifecycle.ReportFragment$LifecycleCallbacks: void onActivityPostStarted(android.app.Activity)
androidx.core.view.WindowInsetsCompat$BuilderImpl29: WindowInsetsCompat$BuilderImpl29()
androidx.appcompat.widget.AppCompatImageButton: void setBackgroundDrawable(android.graphics.drawable.Drawable)