Common/build/outputs/mapping/mobileLibre3SiRelease/usage.txt
com.google.android.gms.wearable.internal.zzeq
com.google.android.gms.wearable.internal.zzes
com.google.android.gms.wearable.internal.zzeu
com.google.android.gms.wearable.internal.zzew
com.google.android.gms.wearable.internal.zzey
com.google.android.gms.wearable.internal.zzfa
com.google.android.gms.wearable.internal.zzfc
com.google.android.gms.wearable.internal.zzfe
com.google.android.gms.wearable.internal.zzfg:
    public static nodomain.freeyourgadget.gadgetbridge.model.WeatherSpec createFromParcel()
    public static nodomain.freeyourgadget.gadgetbridge.model.WeatherSpec[] newArray()
com.google.android.gms.wearable.internal.zzfi
com.google.android.gms.wearable.internal.zzfk
com.google.android.gms.wearable.internal.zzfo
com.google.android.gms.wearable.internal.zzfp:
    public abstract void zzA()
    public abstract void zzC()
    public abstract void zzD()
    public abstract void zzE()
    public abstract void zzF()
    public abstract void zzG()
    public abstract void zzH()
    public abstract void zzI()
    public abstract void zzJ()
    public abstract void zzL()
    public abstract void zzN()
    public abstract void zzb$1()
    public abstract void zzc$1()
    public abstract void zzd()
    public abstract void zze()
    public abstract void zzf()
    public abstract void zzg()
    public abstract void zzh()
    public abstract void zzi()
    public abstract void zzj()
    public abstract void zzk()
    public abstract void zzl()
    public abstract void zzm()
    public abstract void zzo()
    public abstract void zzp()
    public abstract void zzq()
    public abstract void zzr()
    public abstract void zzs()
    public abstract void zzt()
    public abstract void zzu()
    public abstract void zzv()
    public abstract void zzw()
    public abstract void zzx()
    public abstract void zzy()
    public abstract void zzz()
com.google.android.gms.wearable.internal.zzft:
    public final void zzd(com.google.android.gms.wearable.internal.zza,com.google.android.gms.wearable.internal.zzf)
    public static void zzj$1()
    public static void zzs$1()
    public static void zzx$1()
    public static void zzz$1()
com.google.android.gms.wearable.internal.zzfu
com.google.android.gms.wearable.internal.zzfw
com.google.android.gms.wearable.internal.zzfx
com.google.android.gms.wearable.internal.zzg
com.google.android.gms.wearable.internal.zzgc:
    public static int getRequestId()
com.google.android.gms.wearable.internal.zzgd
com.google.android.gms.wearable.internal.zzgo:
    public final com.google.android.gms.wearable.internal.zzci zza
com.google.android.gms.wearable.internal.zzgp:
    public final byte[] getData()
    public final java.lang.String getPath()
    public final java.lang.String getSourceNodeId()
com.google.android.gms.wearable.internal.zzgq
com.google.android.gms.wearable.internal.zzgu:
    public static com.google.android.gms.wearable.Node getNode()
com.google.android.gms.wearable.internal.zzgv
com.google.android.gms.wearable.internal.zzhd:
    public final com.google.android.gms.wearable.internal.zzgv zza
    public static androidx.appcompat.app.ActionBar getLocalNode()
com.google.android.gms.wearable.internal.zzhe
com.google.android.gms.wearable.internal.zzhg:
    public final java.lang.String getDisplayName()
    public final java.lang.String getId()
com.google.android.gms.wearable.internal.zzhh
com.google.android.gms.wearable.internal.zzhj
com.google.android.gms.wearable.internal.zzhl
com.google.android.gms.wearable.internal.zzhn
com.google.android.gms.wearable.internal.zzhp
com.google.android.gms.wearable.internal.zzhq:
    public void <init>(com.google.android.gms.wearable.internal.zzjq)
com.google.android.gms.wearable.internal.zzhr
com.google.android.gms.wearable.internal.zzht
com.google.android.gms.wearable.internal.zzhv
com.google.android.gms.wearable.internal.zzhx
com.google.android.gms.wearable.internal.zzhz
com.google.android.gms.wearable.internal.zzi
com.google.android.gms.wearable.internal.zzib